dropbox: load fq extension '/home/majdi/.dropbox-dist/dropbox-lnx.x86_64-145.4.4921/cryptography.hazmat.bindings._openssl.cpython-38-x86_64-linux-gnu.so'
dropbox: load fq extension '/home/majdi/.dropbox-dist/dropbox-lnx.x86_64-145.4.4921/cryptography.hazmat.bindings._padding.cpython-38-x86_64-linux-gnu.so'
dropbox: load fq extension '/home/majdi/.dropbox-dist/dropbox-lnx.x86_64-145.4.4921/psutil._psutil_linux.cpython-38-x86_64-linux-gnu.so'
dropbox: load fq extension '/home/majdi/.dropbox-dist/dropbox-lnx.x86_64-145.4.4921/psutil._psutil_posix.cpython-38-x86_64-linux-gnu.so'
dropbox: load fq extension '/home/majdi/.dropbox-dist/dropbox-lnx.x86_64-145.4.4921/apex._apex.cpython-38-x86_64-linux-gnu.so'
dropbox: load fq extension '/home/majdi/.dropbox-dist/dropbox-lnx.x86_64-145.4.4921/tornado.speedups.cpython-38-x86_64-linux-gnu.so'
dropbox: load fq extension '/home/majdi/.dropbox-dist/dropbox-lnx.x86_64-145.4.4921/wrapt._wrappers.cpython-38-x86_64-linux-gnu.so'
dropbox: load fq extension '/tmp/.dropbox-dist-new-zoknd3j8/.dropbox-dist/dropbox-lnx.x86_64-146.4.4836/cryptography.hazmat.bindings._openssl.cpython-38-x86_64-linux-gnu.so'
dropbox: load fq extension '/tmp/.dropbox-dist-new-zoknd3j8/.dropbox-dist/dropbox-lnx.x86_64-146.4.4836/cryptography.hazmat.bindings._padding.cpython-38-x86_64-linux-gnu.so'
dropbox: load fq extension '/tmp/.dropbox-dist-new-zoknd3j8/.dropbox-dist/dropbox-lnx.x86_64-146.4.4836/psutil._psutil_linux.cpython-38-x86_64-linux-gnu.so'
dropbox: load fq extension '/tmp/.dropbox-dist-new-zoknd3j8/.dropbox-dist/dropbox-lnx.x86_64-146.4.4836/psutil._psutil_posix.cpython-38-x86_64-linux-gnu.so'
dropbox: load fq extension '/tmp/.dropbox-dist-new-zoknd3j8/.dropbox-dist/dropbox-lnx.x86_64-146.4.4836/apex._apex.cpython-38-x86_64-linux-gnu.so'
dropbox: load fq extension '/tmp/.dropbox-dist-new-zoknd3j8/.dropbox-dist/dropbox-lnx.x86_64-146.4.4836/tornado.speedups.cpython-38-x86_64-linux-gnu.so'
dropbox: load fq extension '/tmp/.dropbox-dist-new-zoknd3j8/.dropbox-dist/dropbox-lnx.x86_64-146.4.4836/wrapt._wrappers.cpython-38-x86_64-linux-gnu.so'
dropbox: load fq extension '/home/majdi/.dropbox-dist/dropbox-lnx.x86_64-146.4.4836/cryptography.hazmat.bindings._openssl.cpython-38-x86_64-linux-gnu.so'
dropbox: load fq extension '/home/majdi/.dropbox-dist/dropbox-lnx.x86_64-146.4.4836/cryptography.hazmat.bindings._padding.cpython-38-x86_64-linux-gnu.so'
dropbox: load fq extension '/home/majdi/.dropbox-dist/dropbox-lnx.x86_64-146.4.4836/psutil._psutil_linux.cpython-38-x86_64-linux-gnu.so'
dropbox: load fq extension '/home/majdi/.dropbox-dist/dropbox-lnx.x86_64-146.4.4836/psutil._psutil_posix.cpython-38-x86_64-linux-gnu.so'
dropbox: load fq extension '/home/majdi/.dropbox-dist/dropbox-lnx.x86_64-146.4.4836/apex._apex.cpython-38-x86_64-linux-gnu.so'
dropbox: load fq extension '/home/majdi/.dropbox-dist/dropbox-lnx.x86_64-146.4.4836/tornado.speedups.cpython-38-x86_64-linux-gnu.so'
dropbox: load fq extension '/home/majdi/.dropbox-dist/dropbox-lnx.x86_64-146.4.4836/wrapt._wrappers.cpython-38-x86_64-linux-gnu.so'
